[27-Apr-2015 11:52:20 UTC] PHP Notice:  Undefined index: index in /var/www/fw/core/Router.php on line 73
[27-Apr-2015 11:52:21 UTC] PHP Notice:  Undefined index: index in /var/www/fw/core/Router.php on line 73
[27-Apr-2015 13:29:15 UTC] PHP Parse error:  syntax error, unexpected '{' in /var/www/fw/core/Router.php on line 113
[27-Apr-2015 13:29:40 UTC] PHP Parse error:  syntax error, unexpected '{' in /var/www/fw/core/Router.php on line 113
[27-Apr-2015 13:29:51 UTC] PHP Parse error:  syntax error, unexpected '{' in /var/www/fw/core/Router.php on line 111
[27-Apr-2015 13:42:42 UTC] PHP Parse error:  syntax error, unexpected ';' in /var/www/fw/core/Router.php on line 107
[26-May-2015 11:35:30 UTC] PHP Parse error:  syntax error, unexpected 'class' (T_CLASS) in /var/www/fw/core/autoload.php on line 5
[26-May-2015 12:39:37 UTC] PHP Fatal error:  Constructor Log::log() cannot be static in /var/www/fw/core/Log.php on line 50
[26-May-2015 12:39:38 UTC] PHP Fatal error:  Constructor Log::log() cannot be static in /var/www/fw/core/Log.php on line 50
[26-May-2015 12:41:37 UTC] PHP Fatal error:  Constructor Log::log() cannot be static in /var/www/fw/core/Log.php on line 50
[26-May-2015 12:41:38 UTC] PHP Fatal error:  Constructor Log::log() cannot be static in /var/www/fw/core/Log.php on line 50
[26-May-2015 12:41:38 UTC] PHP Fatal error:  Constructor Log::log() cannot be static in /var/www/fw/core/Log.php on line 50
[26-May-2015 12:41:39 UTC] PHP Fatal error:  Constructor Log::log() cannot be static in /var/www/fw/core/Log.php on line 50
[26-May-2015 12:41:39 UTC] PHP Fatal error:  Constructor Log::log() cannot be static in /var/www/fw/core/Log.php on line 50
[26-May-2015 12:41:39 UTC] PHP Fatal error:  Constructor Log::log() cannot be static in /var/www/fw/core/Log.php on line 50
[26-May-2015 12:41:39 UTC] PHP Fatal error:  Constructor Log::log() cannot be static in /var/www/fw/core/Log.php on line 50
[26-May-2015 12:41:39 UTC] PHP Fatal error:  Constructor Log::log() cannot be static in /var/www/fw/core/Log.php on line 50
[26-May-2015 12:41:39 UTC] PHP Fatal error:  Constructor Log::log() cannot be static in /var/www/fw/core/Log.php on line 50
[26-May-2015 12:41:39 UTC] PHP Fatal error:  Constructor Log::log() cannot be static in /var/www/fw/core/Log.php on line 50
[26-May-2015 12:41:39 UTC] PHP Fatal error:  Constructor Log::log() cannot be static in /var/www/fw/core/Log.php on line 50
[26-May-2015 12:41:39 UTC] PHP Fatal error:  Constructor Log::log() cannot be static in /var/www/fw/core/Log.php on line 50
[26-May-2015 12:41:39 UTC] PHP Fatal error:  Constructor Log::log() cannot be static in /var/www/fw/core/Log.php on line 50
[26-May-2015 12:41:39 UTC] PHP Fatal error:  Constructor Log::log() cannot be static in /var/www/fw/core/Log.php on line 50
[26-May-2015 12:41:39 UTC] PHP Fatal error:  Constructor Log::log() cannot be static in /var/www/fw/core/Log.php on line 50
[26-May-2015 12:41:40 UTC] PHP Fatal error:  Constructor Log::log() cannot be static in /var/www/fw/core/Log.php on line 50
[26-May-2015 12:41:40 UTC] PHP Fatal error:  Constructor Log::log() cannot be static in /var/www/fw/core/Log.php on line 50
[26-May-2015 12:42:45 UTC] PHP Fatal error:  Constructor Log::log() cannot be static in /var/www/fw/core/Log.php on line 50
[26-May-2015 12:42:46 UTC] PHP Fatal error:  Constructor Log::log() cannot be static in /var/www/fw/core/Log.php on line 50
[26-May-2015 12:42:46 UTC] PHP Fatal error:  Constructor Log::log() cannot be static in /var/www/fw/core/Log.php on line 50
[26-May-2015 12:42:47 UTC] PHP Fatal error:  Constructor Log::log() cannot be static in /var/www/fw/core/Log.php on line 50
[26-May-2015 12:42:47 UTC] PHP Fatal error:  Constructor Log::log() cannot be static in /var/www/fw/core/Log.php on line 50
[26-May-2015 12:42:47 UTC] PHP Fatal error:  Constructor Log::log() cannot be static in /var/www/fw/core/Log.php on line 50
[26-May-2015 12:42:47 UTC] PHP Fatal error:  Constructor Log::log() cannot be static in /var/www/fw/core/Log.php on line 50
[26-May-2015 12:42:47 UTC] PHP Fatal error:  Constructor Log::log() cannot be static in /var/www/fw/core/Log.php on line 50
[26-May-2015 12:42:47 UTC] PHP Fatal error:  Constructor Log::log() cannot be static in /var/www/fw/core/Log.php on line 50
[26-May-2015 12:42:47 UTC] PHP Fatal error:  Constructor Log::log() cannot be static in /var/www/fw/core/Log.php on line 50
[26-May-2015 12:42:47 UTC] PHP Fatal error:  Constructor Log::log() cannot be static in /var/www/fw/core/Log.php on line 50
[26-May-2015 12:51:47 UTC] PHP Fatal error:  Constructor Log::log() cannot be static in /var/www/fw/core/Log.php on line 64
[26-May-2015 12:51:48 UTC] PHP Fatal error:  Constructor Log::log() cannot be static in /var/www/fw/core/Log.php on line 64
[26-May-2015 12:51:48 UTC] PHP Fatal error:  Constructor Log::log() cannot be static in /var/www/fw/core/Log.php on line 64
[26-May-2015 12:51:49 UTC] PHP Fatal error:  Constructor Log::log() cannot be static in /var/www/fw/core/Log.php on line 64
[26-May-2015 12:51:49 UTC] PHP Fatal error:  Constructor Log::log() cannot be static in /var/www/fw/core/Log.php on line 64
[26-May-2015 12:51:49 UTC] PHP Fatal error:  Constructor Log::log() cannot be static in /var/www/fw/core/Log.php on line 64
[26-May-2015 12:51:52 UTC] PHP Fatal error:  Constructor Log::log() cannot be static in /var/www/fw/core/Log.php on line 64
[26-May-2015 13:01:53 UTC] PHP Fatal error:  Constructor Log::log() cannot be static in /var/www/fw/core/Log.php on line 65
[26-May-2015 13:01:54 UTC] PHP Fatal error:  Constructor Log::log() cannot be static in /var/www/fw/core/Log.php on line 65
[26-May-2015 13:03:21 UTC] PHP Fatal error:  Constructor Log::log() cannot be static in /var/www/fw/core/Log.php on line 65
[26-May-2015 13:03:21 UTC] PHP Fatal error:  Constructor Log::log() cannot be static in /var/www/fw/core/Log.php on line 65
[26-May-2015 13:03:22 UTC] PHP Fatal error:  Constructor Log::log() cannot be static in /var/www/fw/core/Log.php on line 65
[26-May-2015 13:03:22 UTC] PHP Fatal error:  Constructor Log::log() cannot be static in /var/www/fw/core/Log.php on line 65
[26-May-2015 13:03:22 UTC] PHP Fatal error:  Constructor Log::log() cannot be static in /var/www/fw/core/Log.php on line 65
[26-May-2015 13:03:35 UTC] PHP Fatal error:  Constructor Log::log() cannot be static in /var/www/fw/core/Log.php on line 65
[26-May-2015 13:03:36 UTC] PHP Fatal error:  Constructor Log::log() cannot be static in /var/www/fw/core/Log.php on line 65
[26-May-2015 13:03:37 UTC] PHP Fatal error:  Constructor Log::log() cannot be static in /var/www/fw/core/Log.php on line 65
[26-May-2015 13:03:37 UTC] PHP Fatal error:  Constructor Log::log() cannot be static in /var/www/fw/core/Log.php on line 65
[26-May-2015 13:03:37 UTC] PHP Fatal error:  Constructor Log::log() cannot be static in /var/www/fw/core/Log.php on line 65
[26-May-2015 13:03:38 UTC] PHP Fatal error:  Constructor Log::log() cannot be static in /var/www/fw/core/Log.php on line 65
[26-May-2015 13:03:38 UTC] PHP Fatal error:  Constructor Log::log() cannot be static in /var/www/fw/core/Log.php on line 65
[26-May-2015 13:12:17 UTC] PHP Fatal error:  Constructor Log::log() cannot be static in /var/www/fw/core/Log.php on line 64
[26-May-2015 13:12:17 UTC] PHP Fatal error:  Constructor Log::log() cannot be static in /var/www/fw/core/Log.php on line 64
[26-May-2015 13:12:17 UTC] PHP Fatal error:  Constructor Log::log() cannot be static in /var/www/fw/core/Log.php on line 64
[26-May-2015 13:12:18 UTC] PHP Fatal error:  Constructor Log::log() cannot be static in /var/www/fw/core/Log.php on line 64
[26-May-2015 13:12:18 UTC] PHP Fatal error:  Constructor Log::log() cannot be static in /var/www/fw/core/Log.php on line 64
[26-May-2015 13:12:18 UTC] PHP Fatal error:  Constructor Log::log() cannot be static in /var/www/fw/core/Log.php on line 64
[26-May-2015 13:12:18 UTC] PHP Fatal error:  Constructor Log::log() cannot be static in /var/www/fw/core/Log.php on line 64
[26-May-2015 13:12:18 UTC] PHP Fatal error:  Constructor Log::log() cannot be static in /var/www/fw/core/Log.php on line 64
[26-May-2015 13:13:21 UTC] PHP Fatal error:  Constructor Log::log() cannot be static in /var/www/fw/core/Log.php on line 64
[26-May-2015 13:13:22 UTC] PHP Fatal error:  Constructor Log::log() cannot be static in /var/www/fw/core/Log.php on line 64
[26-May-2015 13:22:43 UTC] PHP Fatal error:  Call to undefined method Core::log() in /var/www/fw/core/Core.php on line 89
[26-May-2015 13:22:44 UTC] PHP Fatal error:  Call to undefined method Core::log() in /var/www/fw/core/Core.php on line 89
[26-May-2015 13:22:44 UTC] PHP Fatal error:  Call to undefined method Core::log() in /var/www/fw/core/Core.php on line 89
[26-May-2015 13:22:45 UTC] PHP Fatal error:  Call to undefined method Core::log() in /var/www/fw/core/Core.php on line 89
[26-May-2015 13:22:45 UTC] PHP Fatal error:  Call to undefined method Core::log() in /var/www/fw/core/Core.php on line 89
[26-May-2015 13:22:45 UTC] PHP Fatal error:  Call to undefined method Core::log() in /var/www/fw/core/Core.php on line 89
[26-May-2015 13:24:19 UTC] PHP Fatal error:  Call to undefined method Core::log() in /var/www/fw/core/Core.php on line 89
[26-May-2015 13:24:21 UTC] PHP Fatal error:  Call to undefined method Core::log() in /var/www/fw/core/Core.php on line 89
[26-May-2015 13:24:32 UTC] PHP Fatal error:  Access to undeclared static property: Core::$showDebug in /var/www/fw/core/Core.php on line 65
[26-May-2015 13:24:33 UTC] PHP Fatal error:  Access to undeclared static property: Core::$showDebug in /var/www/fw/core/Core.php on line 65
[26-May-2015 13:25:09 UTC] PHP Fatal error:  Access to undeclared static property: Core::$_log in /var/www/fw/core/Log.php on line 67
[27-May-2015 14:18:55 UTC] PHP Fatal error:  Class 'MFW\Settings' not found in /var/www/fw/core/Core.php on line 6
[27-May-2015 14:19:58 UTC] PHP Parse error:  syntax error, unexpected 'namespace' (T_NAMESPACE) in /var/www/fw/core/Core.php on line 4
[27-May-2015 14:19:59 UTC] PHP Parse error:  syntax error, unexpected 'namespace' (T_NAMESPACE) in /var/www/fw/core/Core.php on line 4
[27-May-2015 14:21:24 UTC] PHP Fatal error:  Class 'Settings' not found in /var/www/fw/core/autoload.php on line 11
[27-May-2015 14:21:25 UTC] PHP Fatal error:  Class 'Settings' not found in /var/www/fw/core/autoload.php on line 11
[27-May-2015 14:21:26 UTC] PHP Fatal error:  Class 'Settings' not found in /var/www/fw/core/autoload.php on line 11
[27-May-2015 14:22:08 UTC] PHP Fatal error:  Call to undefined method Core::requestIsMobile() in /var/www/fw/core/Router.php on line 18
[27-May-2015 14:22:09 UTC] PHP Fatal error:  Call to undefined method Core::requestIsMobile() in /var/www/fw/core/Router.php on line 18
[27-May-2015 14:22:36 UTC] PHP Fatal error:  Class 'slef' not found in /var/www/fw/core/Router.php on line 18
